[156月2025 13:51:49.541] [main/INFO] [cpw.mods.modlauncher.Launcher/MODLAUNCHER]: ModLauncher running: args [--launchTarget, forgeclientdev, --version, 21.1.176, --assetIndex, 17, --assetsDir, C:\\Users\\12232\\.gradle\\caches\\neoformruntime\\assets, --gameDir, ., --fml.fmlVersion, 4.0.39, --fml.mcVersion, 1.21.1, --fml.neoForgeVersion, 21.1.176, --fml.neoFormVersion, 20240808.144430]
[156月2025 13:51:49.545] [main/INFO] [cpw.mods.modlauncher.Launcher/MODLAUNCHER]: JVM identified as Oracle Corporation Java HotSpot(TM) 64-Bit Server VM 22.0.2+9-jvmci-b01
[156月2025 13:51:49.547] [main/INFO] [cpw.mods.modlauncher.Launcher/MODLAUNCHER]: ModLauncher 11.0.4+main.d2e20e43 starting: java version 22.0.2 by Oracle Corporation; OS Windows 11 arch amd64 version 10.0
[156月2025 13:51:49.707] [main/INFO] [net.neoforged.fml.loading.ImmediateWindowHandler/]: Loading ImmediateWindowProvider fmlearlywindow
[156月2025 13:51:49.993] [main/INFO] [EARLYDISPLAY/]: Trying GL version 4.6
[156月2025 13:51:50.400] [main/INFO] [EARLYDISPLAY/]: Requested GL version 4.6 got version 4.6
[156月2025 13:51:50.528] [main/INFO] [mixin/]: SpongePowered MIXIN Subsystem Version=0.8.7 Source=union:/C:/Users/12232/.gradle/caches/modules-2/files-2.1/net.fabricmc/sponge-mixin/0.15.2+mixin.0.8.7/2af2f021d8e02a0220dc27a7a72b4666d66d44ca/sponge-mixin-0.15.2+mixin.0.8.7.jar%23159!/ Service=ModLauncher Env=CLIENT
[156月2025 13:51:50.704] [pool-2-thread-1/INFO] [EARLYDISPLAY/]: GL info: NVIDIA GeForce RTX 4060 Laptop GPU/PCIe/SSE2 GL version 4.6.0 NVIDIA 572.83, NVIDIA Corporation
[156月2025 13:51:51.072] [main/INFO] [net.neoforged.fml.loading.moddiscovery.locators.JarInJarDependencyLocator/]: Found 10 dependencies adding them to mods collection
[156月2025 13:51:51.073] [main/INFO] [net.neoforged.fml.loading.moddiscovery.ModDiscoverer/]: 
     Mod List:
		Name Version (Mod Id)

		Kotlin For Forge 5.8.0 (kotlinforforge)
		MCEF (Minecraft Chromium Embedded Framework) 2.1.6-1.21.1 (mcef)
		Minecraft 1.21.1 (minecraft)
		NeoForge 21.1.176 (neoforge)
		Netzach 1.0-SNAPSHOT (netzach)
[156月2025 13:51:51.628] [main/INFO] [mixin/]: Compatibility level set to JAVA_17
[156月2025 13:51:51.639] [main/INFO] [cpw.mods.modlauncher.LaunchServiceHandler/MODLAUNCHER]: Launching target 'forgeclientdev' with arguments [--version, 21.1.176, --gameDir, ., --assetsDir, C:\Users\12232\.gradle\caches\neoformruntime\assets, --assetIndex, 17]
[156月2025 13:51:51.685] [main/WARN] [mixin/]: Reference map 'mcef.refmap.json' for mcef.mixins.json could not be read. If this is a development environment you can ignore this message
[156月2025 13:51:51.685] [main/WARN] [mixin/]: Reference map 'netzach.refmap.json' for netzach.mixins.json could not be read. If this is a development environment you can ignore this message
[156月2025 13:51:51.817] [main/INFO] [MixinExtras|Service/]: Initializing MixinExtras via com.llamalad7.mixinextras.service.MixinExtrasServiceImpl(version=0.4.1).
[156月2025 13:51:52.784] [Datafixer Bootstrap/INFO] [com.mojang.datafixers.DataFixerBuilder/]: 229 Datafixer optimizations took 272 milliseconds
[156月2025 13:51:55.911] [main/WARN] [net.minecraft.commands.Commands/]: Ambiguity between arguments [teleport, location] and [teleport, destination] with inputs: [0.1 -0.5 .9, 0 0 0]
[156月2025 13:51:55.912] [main/WARN] [net.minecraft.commands.Commands/]: Ambiguity between arguments [teleport, location] and [teleport, targets] with inputs: [0.1 -0.5 .9, 0 0 0]
[156月2025 13:51:55.915] [main/WARN] [net.minecraft.commands.Commands/]: Ambiguity between arguments [teleport, destination] and [teleport, targets] with inputs: [Player, 0123, @e, dd12be42-52a9-4a91-a8a1-11c01849e498]
[156月2025 13:51:55.916] [main/WARN] [net.minecraft.commands.Commands/]: Ambiguity between arguments [teleport, targets] and [teleport, destination] with inputs: [Player, 0123, dd12be42-52a9-4a91-a8a1-11c01849e498]
[156月2025 13:51:55.916] [main/WARN] [net.minecraft.commands.Commands/]: Ambiguity between arguments [teleport, targets, location] and [teleport, targets, destination] with inputs: [0.1 -0.5 .9, 0 0 0]
[156月2025 13:51:55.990] [Thread-0/INFO] [MCEF/]: java-cef commit: a78e832f9f13c2c688caea3d04d8b84fcd238d94
[156月2025 13:51:55.992] [Thread-0/INFO] [MCEF/]: https://mcef-download.cinemamod.com/java-cef-builds/a78e832f9f13c2c688caea3d04d8b84fcd238d94/windows_amd64.tar.gz.sha256 -> D:\冬\project\Netsah\build\mcef-libraries\windows_amd64.tar.gz.sha256.temp
[156月2025 13:51:56.019] [Render thread/WARN] [net.minecraft.server.packs.VanillaPackResourcesBuilder/]: Assets URL 'union:/D:/冬/project/Netsah/build/moddev/artifacts/neoforge-21.1.176.jar%23210!/assets/.mcassetsroot' uses unexpected schema
[156月2025 13:51:56.019] [Render thread/WARN] [net.minecraft.server.packs.VanillaPackResourcesBuilder/]: Assets URL 'union:/D:/冬/project/Netsah/build/moddev/artifacts/neoforge-21.1.176.jar%23210!/data/.mcassetsroot' uses unexpected schema
[156月2025 13:51:56.040] [Render thread/INFO] [com.mojang.authlib.yggdrasil.YggdrasilAuthenticationService/]: Environment: Environment[sessionHost=https://sessionserver.mojang.com, servicesHost=https://api.minecraftservices.com, name=PROD]
[156月2025 13:51:56.047] [Render thread/INFO] [net.minecraft.client.Minecraft/]: Setting user: Dev
[156月2025 13:51:56.112] [Render thread/INFO] [net.minecraft.client.Minecraft/]: Backend library: LWJGL version 3.3.3+5
[156月2025 13:51:56.369] [modloading-worker-0/INFO] [net.neoforged.neoforge.common.NeoForgeMod/NEOFORGE-MOD]: NeoForge mod loading, version 21.1.176, for MC 1.21.1
[156月2025 13:51:56.527] [modloading-worker-0/INFO] [thedarkcolour.kotlinforforge.neoforge.test.KotlinForForge/]: Kotlin For Forge Enabled!
[156月2025 13:51:57.303] [Render thread/INFO] [net.neoforged.neoforge.gametest.GameTestHooks/]: Enabled Gametest Namespaces: [netzach]
[156月2025 13:51:58.382] [Render thread/INFO] [MCEF/]: Initializing CEF on windows_amd64...
[156月2025 13:51:58.482] [Render thread/INFO] [MCEF/]: Chromium Embedded Framework initialized
[156月2025 13:51:58.491] [Render thread/INFO] [net.minecraft.server.packs.resources.ReloadableResourceManager/]: Reloading ResourceManager: vanilla, mod_resources, mod/mcef, mod/kotlinforforge, mod/netzach, mod/neoforge
[156月2025 13:51:58.498] [Worker-Main-1/INFO] [netzach/]: [Netzach] Initialized.
[156月2025 13:51:58.602] [Worker-Main-31/INFO] [net.minecraft.client.gui.font.providers.UnihexProvider/]: Found unifont_jp_patch-15.1.05.hex, loading
[156月2025 13:51:58.602] [Worker-Main-20/INFO] [net.minecraft.client.gui.font.providers.UnihexProvider/]: Found unifont_all_no_pua-15.1.05.hex, loading
[156月2025 13:51:59.546] [Render thread/WARN] [net.minecraft.client.sounds.SoundEngine/]: Missing sound for event: minecraft:item.goat_horn.play
[156月2025 13:51:59.548] [Render thread/WARN] [net.minecraft.client.sounds.SoundEngine/]: Missing sound for event: minecraft:entity.goat.screaming.horn_break
[156月2025 13:51:59.831] [Render thread/INFO] [com.mojang.blaze3d.audio.Library/]: OpenAL initialized on device OpenAL Soft on 扬声器 (Realtek(R) Audio)
[156月2025 13:51:59.831] [Render thread/INFO] [net.minecraft.client.sounds.SoundEngine/SOUNDS]: Sound engine started
[156月2025 13:51:59.891] [Render thread/INFO] [net.minecraft.client.renderer.texture.TextureAtlas/]: Created: 1024x512x4 minecraft:textures/atlas/blocks.png-atlas
[156月2025 13:51:59.897] [Render thread/INFO] [net.minecraft.client.renderer.texture.TextureAtlas/]: Created: 256x256x4 minecraft:textures/atlas/signs.png-atlas
[156月2025 13:51:59.897] [Render thread/INFO] [net.minecraft.client.renderer.texture.TextureAtlas/]: Created: 512x512x4 minecraft:textures/atlas/shield_patterns.png-atlas
[156月2025 13:51:59.897] [Render thread/INFO] [net.minecraft.client.renderer.texture.TextureAtlas/]: Created: 512x512x4 minecraft:textures/atlas/banner_patterns.png-atlas
[156月2025 13:51:59.897] [Render thread/INFO] [net.minecraft.client.renderer.texture.TextureAtlas/]: Created: 1024x1024x4 minecraft:textures/atlas/armor_trims.png-atlas
[156月2025 13:51:59.899] [Render thread/INFO] [net.minecraft.client.renderer.texture.TextureAtlas/]: Created: 128x64x4 minecraft:textures/atlas/decorated_pot.png-atlas
[156月2025 13:51:59.900] [Render thread/INFO] [net.minecraft.client.renderer.texture.TextureAtlas/]: Created: 256x256x4 minecraft:textures/atlas/chest.png-atlas
[156月2025 13:51:59.900] [Render thread/INFO] [net.minecraft.client.renderer.texture.TextureAtlas/]: Created: 512x256x4 minecraft:textures/atlas/shulker_boxes.png-atlas
[156月2025 13:51:59.900] [Render thread/INFO] [net.minecraft.client.renderer.texture.TextureAtlas/]: Created: 512x256x4 minecraft:textures/atlas/beds.png-atlas
[156月2025 13:52:00.024] [Render thread/INFO] [net.minecraft.client.renderer.texture.TextureAtlas/]: Created: 2048x1024x0 minecraft:textures/atlas/particles.png-atlas
[156月2025 13:52:00.027] [Render thread/INFO] [net.minecraft.client.renderer.texture.TextureAtlas/]: Created: 512x256x0 minecraft:textures/atlas/paintings.png-atlas
[156月2025 13:52:00.027] [Render thread/INFO] [net.minecraft.client.renderer.texture.TextureAtlas/]: Created: 256x128x0 minecraft:textures/atlas/mob_effects.png-atlas
[156月2025 13:52:00.027] [Render thread/INFO] [net.minecraft.client.renderer.texture.TextureAtlas/]: Created: 64x64x0 minecraft:textures/atlas/map_decorations.png-atlas
[156月2025 13:52:00.027] [Render thread/INFO] [net.minecraft.client.renderer.texture.TextureAtlas/]: Created: 1024x512x0 minecraft:textures/atlas/gui.png-atlas
[156月2025 13:52:00.043] [Render thread/WARN] [net.minecraft.client.renderer.ShaderInstance/]: Shader rendertype_entity_translucent_emissive could not find sampler named Sampler2 in the specified shader program.
[156月2025 13:52:00.080] [Render thread/INFO] [net.neoforged.neoforge.client.entity.animation.json.AnimationLoader/]: Loaded 0 entity animations
[156月2025 13:52:07.337] [Render thread/INFO] [net.minecraft.world.item.crafting.RecipeManager/]: Loaded 1290 recipes
[156月2025 13:52:07.446] [Render thread/INFO] [net.minecraft.advancements.AdvancementTree/]: Loaded 1399 advancements
[156月2025 13:52:07.748] [Server thread/INFO] [net.minecraft.client.server.IntegratedServer/]: Starting integrated minecraft server version 1.21.1
[156月2025 13:52:07.749] [Server thread/INFO] [net.minecraft.server.MinecraftServer/]: Generating keypair
[156月2025 13:52:08.473] [Server thread/INFO] [net.minecraft.server.MinecraftServer/]: Preparing start region for dimension minecraft:overworld
[156月2025 13:52:08.675] [progressListener/INFO] [net.minecraft.server.level.progress.LoggerChunkProgressListener/]: 准备生成区域中：0%
[156月2025 13:52:08.735] [progressListener/INFO] [net.minecraft.server.level.progress.LoggerChunkProgressListener/]: Time elapsed: 246 ms
[156月2025 13:52:08.735] [Server thread/INFO] [net.neoforged.neoforge.server.permission.PermissionAPI/]: Successfully initialized permission handler neoforge:default_handler
[156月2025 13:52:08.782] [Server thread/INFO] [net.minecraft.client.server.IntegratedServer/]: Changing view distance to 12, from 10
[156月2025 13:52:08.783] [Server thread/INFO] [net.minecraft.client.server.IntegratedServer/]: Changing simulation distance to 12, from 0
[156月2025 13:52:09.261] [Server thread/INFO] [net.minecraft.server.players.PlayerList/]: Dev[local:E:412d4901] logged in with entity id 62 at (-9.993659472827856, 67.0, -23.247803421576574)
[156月2025 13:52:09.297] [Server thread/INFO] [net.minecraft.server.MinecraftServer/]: Dev加入了游戏
[156月2025 13:52:09.420] [Render thread/INFO] [net.minecraft.advancements.AdvancementTree/]: Loaded 59 advancements
[156月2025 13:52:17.710] [Render thread/INFO] [net.minecraft.client.Minecraft/]: Stopping!
[156月2025 13:52:17.743] [Server thread/INFO] [net.minecraft.server.network.ServerGamePacketListenerImpl/]: Dev lost connection: 连接中断
[156月2025 13:52:17.743] [Server thread/INFO] [net.minecraft.server.MinecraftServer/]: Dev退出了游戏
[156月2025 13:52:17.766] [Server thread/INFO] [net.minecraft.server.network.ServerCommonPacketListenerImpl/]: Stopping singleplayer server as player logged out
[156月2025 13:52:17.788] [Server thread/INFO] [net.minecraft.server.MinecraftServer/]: Stopping server
[156月2025 13:52:17.788] [Server thread/INFO] [net.minecraft.server.MinecraftServer/]: Saving players
[156月2025 13:52:17.788] [Server thread/INFO] [net.minecraft.server.MinecraftServer/]: Saving worlds
[156月2025 13:52:17.854] [Server thread/INFO] [net.minecraft.server.MinecraftServer/]: Saving chunks for level 'ServerLevel[新的世界]'/minecraft:overworld
[156月2025 13:52:17.941] [Server thread/INFO] [net.minecraft.server.MinecraftServer/]: Saving chunks for level 'ServerLevel[新的世界]'/minecraft:the_nether
[156月2025 13:52:17.950] [Server thread/INFO] [net.minecraft.server.MinecraftServer/]: Saving chunks for level 'ServerLevel[新的世界]'/minecraft:the_end
[156月2025 13:52:17.965] [Server thread/INFO] [net.minecraft.server.MinecraftServer/]: ThreadedAnvilChunkStorage (新的世界): All chunks are saved
[156月2025 13:52:17.965] [Server thread/INFO] [net.minecraft.server.MinecraftServer/]: ThreadedAnvilChunkStorage (DIM-1): All chunks are saved
[156月2025 13:52:17.965] [Server thread/INFO] [net.minecraft.server.MinecraftServer/]: ThreadedAnvilChunkStorage (DIM1): All chunks are saved
[156月2025 13:52:17.965] [Server thread/INFO] [net.minecraft.server.MinecraftServer/]: ThreadedAnvilChunkStorage: All dimensions are saved
[156月2025 13:52:18.908] [Render thread/WARN] [MCEF/]: JCEF is still running, killing to avoid lingering processes.
